<?xml version="1.0" encoding="UTF-8"?>
<!-- Generated by org.testng.reporters.JUnitXMLReporter -->
<testsuite ignored="0" hostname="DESKTOP-1UPHK9E" failures="1" tests="2" name="Default test" time="11.206" errors="0" timestamp="2023-01-10T16:58:47 IST">
  <testcase classname="toyotaCar.ToyoCarTest" name="readBuyCar1" time="9.387">
    <failure type="java.lang.AssertionError" message="Lists differ at element [0]: 4108 != Deinde solio impedit acies ancilla ceno sophismata cum aqua sustineo abbas adopto uberrime decerno tactus coepi sui termes atavus. expected [4108] but found [Deinde solio impedit acies ancilla ceno sophismata cum aqua sustineo abbas adopto uberrime decerno tactus coepi sui termes atavus.]">
      <![CDATA[java.lang.AssertionError: Lists differ at element [0]: 4108 != Deinde solio impedit acies ancilla ceno sophismata cum aqua sustineo abbas adopto uberrime decerno tactus coepi sui termes atavus. expected [4108] but found [Deinde solio impedit acies ancilla ceno sophismata cum aqua sustineo abbas adopto uberrime decerno tactus coepi sui termes atavus.]
at org.testng.Assert.fail(Assert.java:99)
at org.testng.Assert.failNotEquals(Assert.java:1037)
at org.testng.Assert.assertEqualsImpl(Assert.java:140)
at org.testng.Assert.assertEquals(Assert.java:1103)
at org.testng.Assert.assertEquals(Assert.java:1065)
at toyotaCar.ToyoCarTest.readBuyCar1(ToyoCarTest.java:31)
at java.base/jdk.internal.reflect.DirectMethodHandleAccessor.invoke(DirectMethodHandleAccessor.java:104)
at java.base/java.lang.reflect.Method.invoke(Method.java:578)
at org.testng.internal.MethodInvocationHelper.invokeMethod(MethodInvocationHelper.java:133)
at org.testng.internal.TestInvoker.invokeMethod(TestInvoker.java:598)
at org.testng.internal.TestInvoker.invokeTestMethod(TestInvoker.java:173)
at org.testng.internal.MethodRunner.runInSequence(MethodRunner.java:46)
at org.testng.internal.TestInvoker$MethodInvocationAgent.invoke(TestInvoker.java:824)
at org.testng.internal.TestInvoker.invokeTestMethods(TestInvoker.java:146)
at org.testng.internal.TestMethodWorker.invokeTestMethods(TestMethodWorker.java:146)
at org.testng.internal.TestMethodWorker.run(TestMethodWorker.java:128)
at java.base/java.util.ArrayList.forEach(ArrayList.java:1511)
at org.testng.TestRunner.privateRun(TestRunner.java:794)
at org.testng.TestRunner.run(TestRunner.java:596)
at org.testng.SuiteRunner.runTest(SuiteRunner.java:377)
at org.testng.SuiteRunner.runSequentially(SuiteRunner.java:371)
at org.testng.SuiteRunner.privateRun(SuiteRunner.java:332)
at org.testng.SuiteRunner.run(SuiteRunner.java:276)
at org.testng.SuiteRunnerWorker.runSuite(SuiteRunnerWorker.java:53)
at org.testng.SuiteRunnerWorker.run(SuiteRunnerWorker.java:96)
at org.testng.TestNG.runSuitesSequentially(TestNG.java:1212)
at org.testng.TestNG.runSuitesLocally(TestNG.java:1134)
at org.testng.TestNG.runSuites(TestNG.java:1063)
at org.testng.TestNG.run(TestNG.java:1031)
at org.testng.remote.AbstractRemoteTestNG.run(AbstractRemoteTestNG.java:115)
at org.testng.remote.RemoteTestNG.initAndRun(RemoteTestNG.java:251)
at org.testng.remote.RemoteTestNG.main(RemoteTestNG.java:77)
]]>
    </failure>
  </testcase> <!-- readBuyCar1 -->
  <testcase classname="toyotaCar.ToyoCarTest" name="readBuyCar_hamcrest" time="1.694"/>
</testsuite> <!-- Default test -->
